Tempo de duração da discoteca(segundos): 30

--Discoteca Informação Geral--
Número de Salas na Discoteca: 6
Capacidade máxima sala inicial: 3
Capacidade máxima da pista de dança : 15
Capacidade máxima do bar: 4
Capacidade máxima da casa de banho: 2
Capacidade máxima da sala de bilhar: 2
Capacidade máxima da sala VIP: 2
Tempo na sala inicial: 3
Tempo na pista de dança: 15
Tempo na casa de banho: 3
Tempo no bar: 8
Tempo de pausa entre jogos de bilhar: 3
Tempo na sala VIP: 8
Probabilidade de alguém ficar bêbado (percentagem): 50

--Discoteca Informação das salas na simulação--
Número total de pessoas que estiveram na noite: 10
Pessoas que Entraram na discoteca: 3
Pessoas que ficaram na fila para entrar na discoteca: 2
Pessoas que Desistiram de entrar na discoteca: 0
Pessoas que Entraram na pista de dança: 3
Pessoas que ficaram na fila da pista de dança: 0
Pessoas que Desistiram de entrar na pista de dança: 0
Pessoas que Entraram no bar: 1
Pessoas que ficaram na fila do bar: 0
Pessoas que Desistiram de entrar no bar: 0
Pessoas que Entraram na casa de banho: 2
Pessoas que ficaram na fila da casa de banho: 0
Pessoas que Desistiram de entrar na casa de banho: 0
Pessoas que Entraram na sala de bilhar: 2
Pessoas que ficaram na fila da sala de bilhar: 0
Pessoas que Desistiram de entrar na sala de bilhar: 0
Pessoas que Entraram na sala VIP: 0
Pessoas que ficaram na fila da sala VIP: 0
Pessoas que Desistiram de entrar na sala VIP: 0

--Outros Dados--
Sala mais visitada (sem contar com a sala inicial): Pista de Dança
Número de vezes que essa sala foi visitada: 3
Número de Jogos Ocorridos na sala de bilhar: 1
Número de Pessoas expulsas por estarem bêbadas: 1

-----------------------FIM DA INFORMAÇÃO DA SIMULAÇÃO-----------------------
Tempo de duração da discoteca(segundos): 30

--Discoteca Informação Geral--
Número de Salas na Discoteca: 6
Capacidade máxima sala inicial: 3
Capacidade máxima da pista de dança : 15
Capacidade máxima do bar: 4
Capacidade máxima da casa de banho: 2
Capacidade máxima da sala de bilhar: 2
Capacidade máxima da sala VIP: 2
Tempo na sala inicial: 3
Tempo na pista de dança: 15
Tempo na casa de banho: 3
Tempo no bar: 8
Tempo de pausa entre jogos de bilhar: 3
Tempo na sala VIP: 8
Probabilidade de alguém ficar bêbado (percentagem): 50

--Discoteca Informação das salas na simulação--
Número total de pessoas que estiveram na noite: 8
Pessoas que Entraram na discoteca: 3
Pessoas que ficaram na fila para entrar na discoteca: 1
Pessoas que Desistiram de entrar na discoteca: 0
Pessoas que Entraram na pista de dança: 3
Pessoas que ficaram na fila da pista de dança: 0
Pessoas que Desistiram de entrar na pista de dança: 0
Pessoas que Entraram no bar: 1
Pessoas que ficaram na fila do bar: 0
Pessoas que Desistiram de entrar no bar: 0
Pessoas que Entraram na casa de banho: 3
Pessoas que ficaram na fila da casa de banho: 0
Pessoas que Desistiram de entrar na casa de banho: 0
Pessoas que Entraram na sala de bilhar: 2
Pessoas que ficaram na fila da sala de bilhar: 0
Pessoas que Desistiram de entrar na sala de bilhar: 0
Pessoas que Entraram na sala VIP: 0
Pessoas que ficaram na fila da sala VIP: 0
Pessoas que Desistiram de entrar na sala VIP: 0

--Outros Dados--
Sala mais visitada (sem contar com a sala inicial): Pista de Dança
Número de vezes que essa sala foi visitada: 3
Número de Jogos Ocorridos na sala de bilhar: 1
Número de Pessoas expulsas por estarem bêbadas: 1

-----------------------FIM DA INFORMAÇÃO DA SIMULAÇÃO-----------------------
Tempo de duração da discoteca(segundos): 30

--Discoteca Informação Geral--
Número de Salas na Discoteca: 6
Capacidade máxima sala inicial: 3
Capacidade máxima da pista de dança : 15
Capacidade máxima do bar: 4
Capacidade máxima da casa de banho: 2
Capacidade máxima da sala de bilhar: 2
Capacidade máxima da sala VIP: 2
Tempo na sala inicial: 3
Tempo na pista de dança: 15
Tempo na casa de banho: 3
Tempo no bar: 8
Tempo de pausa entre jogos de bilhar: 3
Tempo na sala VIP: 8
Probabilidade de alguém ficar bêbado (percentagem): 50

--Discoteca Informação das salas na simulação--
Número total de pessoas que estiveram na noite: 11
Pessoas que Entraram na discoteca: 3
Pessoas que ficaram na fila para entrar na discoteca: 3
Pessoas que Desistiram de entrar na discoteca: 0
Pessoas que Entraram na pista de dança: 0
Pessoas que ficaram na fila da pista de dança: 0
Pessoas que Desistiram de entrar na pista de dança: 0
Pessoas que Entraram no bar: 4
Pessoas que ficaram na fila do bar: 0
Pessoas que Desistiram de entrar no bar: 0
Pessoas que Entraram na casa de banho: 2
Pessoas que ficaram na fila da casa de banho: 0
Pessoas que Desistiram de entrar na casa de banho: 0
Pessoas que Entraram na sala de bilhar: 2
Pessoas que ficaram na fila da sala de bilhar: 0
Pessoas que Desistiram de entrar na sala de bilhar: 0
Pessoas que Entraram na sala VIP: 0
Pessoas que ficaram na fila da sala VIP: 0
Pessoas que Desistiram de entrar na sala VIP: 0

--Outros Dados--
Sala mais visitada (sem contar com a sala inicial): Bar
Número de vezes que essa sala foi visitada: 4
Número de Jogos Ocorridos na sala de bilhar: 1
Número de Pessoas expulsas por estarem bêbadas: 2

-----------------------FIM DA INFORMAÇÃO DA SIMULAÇÃO-----------------------
Tempo de duração da discoteca(segundos): 30

--Discoteca Informação Geral--
Número de Salas na Discoteca: 6
Capacidade máxima sala inicial: 3
Capacidade máxima da pista de dança : 15
Capacidade máxima do bar: 4
Capacidade máxima da casa de banho: 2
Capacidade máxima da sala de bilhar: 2
Capacidade máxima da sala VIP: 2
Tempo na sala inicial: 3
Tempo na pista de dança: 15
Tempo na casa de banho: 3
Tempo no bar: 8
Tempo de pausa entre jogos de bilhar: 3
Tempo na sala VIP: 8
Probabilidade de alguém ficar bêbado (percentagem): 50

--Discoteca Informação das salas na simulação--
Número total de pessoas que estiveram na noite: 12
Pessoas que Entraram na discoteca: 3
Pessoas que ficaram na fila para entrar na discoteca: 3
Pessoas que Desistiram de entrar na discoteca: 0
Pessoas que Entraram na pista de dança: 3
Pessoas que ficaram na fila da pista de dança: 0
Pessoas que Desistiram de entrar na pista de dança: 0
Pessoas que Entraram no bar: 4
Pessoas que ficaram na fila do bar: 0
Pessoas que Desistiram de entrar no bar: 0
Pessoas que Entraram na casa de banho: 2
Pessoas que ficaram na fila da casa de banho: 1
Pessoas que Desistiram de entrar na casa de banho: 0
Pessoas que Entraram na sala de bilhar: 2
Pessoas que ficaram na fila da sala de bilhar: 0
Pessoas que Desistiram de entrar na sala de bilhar: 0
Pessoas que Entraram na sala VIP: 1
Pessoas que ficaram na fila da sala VIP: 0
Pessoas que Desistiram de entrar na sala VIP: 0

--Outros Dados--
Sala mais visitada (sem contar com a sala inicial): Bar
Número de vezes que essa sala foi visitada: 4
Número de Jogos Ocorridos na sala de bilhar: 1
Número de Pessoas expulsas por estarem bêbadas: 1

-----------------------FIM DA INFORMAÇÃO DA SIMULAÇÃO-----------------------
Tempo de duração da discoteca(segundos): 30

--Discoteca Informação Geral--
Número de Salas na Discoteca: 6
Capacidade máxima sala inicial: 3
Capacidade máxima da pista de dança : 15
Capacidade máxima do bar: 4
Capacidade máxima da casa de banho: 2
Capacidade máxima da sala de bilhar: 2
Capacidade máxima da sala VIP: 2
Tempo na sala inicial: 3
Tempo na pista de dança: 15
Tempo na casa de banho: 3
Tempo no bar: 8
Tempo de pausa entre jogos de bilhar: 3
Tempo na sala VIP: 8
Probabilidade de alguém ficar bêbado (percentagem): 50

--Discoteca Informação das salas na simulação--
Número total de pessoas que estiveram na noite: 11
Pessoas que Entraram na discoteca: 3
Pessoas que ficaram na fila para entrar na discoteca: 1
Pessoas que Desistiram de entrar na discoteca: 0
Pessoas que Entraram na pista de dança: 1
Pessoas que ficaram na fila da pista de dança: 0
Pessoas que Desistiram de entrar na pista de dança: 0
Pessoas que Entraram no bar: 3
Pessoas que ficaram na fila do bar: 0
Pessoas que Desistiram de entrar no bar: 0
Pessoas que Entraram na casa de banho: 4
Pessoas que ficaram na fila da casa de banho: 0
Pessoas que Desistiram de entrar na casa de banho: 0
Pessoas que Entraram na sala de bilhar: 2
Pessoas que ficaram na fila da sala de bilhar: 0
Pessoas que Desistiram de entrar na sala de bilhar: 0
Pessoas que Entraram na sala VIP: 0
Pessoas que ficaram na fila da sala VIP: 0
Pessoas que Desistiram de entrar na sala VIP: 0

--Outros Dados--
Sala mais visitada (sem contar com a sala inicial): Casa de Banho
Número de vezes que essa sala foi visitada: 4
Número de Jogos Ocorridos na sala de bilhar: 1
Número de Pessoas expulsas por estarem bêbadas: 1

-----------------------FIM DA INFORMAÇÃO DA SIMULAÇÃO-----------------------
Tempo de duração da discoteca(segundos): 30

--Discoteca Informação Geral--
Número de Salas na Discoteca: 6
Capacidade máxima sala inicial: 3
Capacidade máxima da pista de dança : 15
Capacidade máxima do bar: 4
Capacidade máxima da casa de banho: 2
Capacidade máxima da sala de bilhar: 2
Capacidade máxima da sala VIP: 2
Tempo na sala inicial: 3
Tempo na pista de dança: 15
Tempo na casa de banho: 3
Tempo no bar: 8
Tempo de pausa entre jogos de bilhar: 3
Tempo na sala VIP: 8
Probabilidade de alguém ficar bêbado (percentagem): 50

--Discoteca Informação das salas na simulação--
Número total de pessoas que estiveram na noite: 10
Pessoas que Entraram na discoteca: 3
Pessoas que ficaram na fila para entrar na discoteca: 5
Pessoas que Desistiram de entrar na discoteca: 0
Pessoas que Entraram na pista de dança: 2
Pessoas que ficaram na fila da pista de dança: 0
Pessoas que Desistiram de entrar na pista de dança: 0
Pessoas que Entraram no bar: 7
Pessoas que ficaram na fila do bar: 0
Pessoas que Desistiram de entrar no bar: 0
Pessoas que Entraram na casa de banho: 6
Pessoas que ficaram na fila da casa de banho: 0
Pessoas que Desistiram de entrar na casa de banho: 0
Pessoas que Entraram na sala de bilhar: 2
Pessoas que ficaram na fila da sala de bilhar: 0
Pessoas que Desistiram de entrar na sala de bilhar: 0
Pessoas que Entraram na sala VIP: 0
Pessoas que ficaram na fila da sala VIP: 0
Pessoas que Desistiram de entrar na sala VIP: 0

--Outros Dados--
Sala mais visitada (sem contar com a sala inicial): Bar
Número de vezes que essa sala foi visitada: 7
Número de Jogos Ocorridos na sala de bilhar: 1
Número de Pessoas expulsas por estarem bêbadas: 3

-----------------------FIM DA INFORMAÇÃO DA SIMULAÇÃO-----------------------
Tempo de duração da discoteca(segundos): 30

--Discoteca Informação Geral--
Número de Salas na Discoteca: 6
Capacidade máxima sala inicial: 3
Capacidade máxima da pista de dança : 15
Capacidade máxima do bar: 4
Capacidade máxima da casa de banho: 2
Capacidade máxima da sala de bilhar: 2
Capacidade máxima da sala VIP: 2
Tempo na sala inicial: 3
Tempo na pista de dança: 15
Tempo na casa de banho: 3
Tempo no bar: 8
Tempo de pausa entre jogos de bilhar: 3
Tempo na sala VIP: 8
Probabilidade de alguém ficar bêbado (percentagem): 50

--Discoteca Informação das salas na simulação--
Número total de pessoas que estiveram na noite: 10
Pessoas que Entraram na discoteca: 3
Pessoas que ficaram na fila para entrar na discoteca: 3
Pessoas que Desistiram de entrar na discoteca: 0
Pessoas que Entraram na pista de dança: 3
Pessoas que ficaram na fila da pista de dança: 0
Pessoas que Desistiram de entrar na pista de dança: 0
Pessoas que Entraram no bar: 2
Pessoas que ficaram na fila do bar: 0
Pessoas que Desistiram de entrar no bar: 0
Pessoas que Entraram na casa de banho: 2
Pessoas que ficaram na fila da casa de banho: 0
Pessoas que Desistiram de entrar na casa de banho: 0
Pessoas que Entraram na sala de bilhar: 1
Pessoas que ficaram na fila da sala de bilhar: 0
Pessoas que Desistiram de entrar na sala de bilhar: 0
Pessoas que Entraram na sala VIP: 0
Pessoas que ficaram na fila da sala VIP: 0
Pessoas que Desistiram de entrar na sala VIP: 0

--Outros Dados--
Sala mais visitada (sem contar com a sala inicial): Pista de Dança
Número de vezes que essa sala foi visitada: 3
Número de Jogos Ocorridos na sala de bilhar: 0
Número de Pessoas expulsas por estarem bêbadas: 2

-----------------------FIM DA INFORMAÇÃO DA SIMULAÇÃO-----------------------
Tempo de duração da discoteca(segundos): 30

--Discoteca Informação Geral--
Número de Salas na Discoteca: 6
Capacidade máxima sala inicial: 3
Capacidade máxima da pista de dança : 15
Capacidade máxima do bar: 4
Capacidade máxima da casa de banho: 2
Capacidade máxima da sala de bilhar: 2
Capacidade máxima da sala VIP: 2
Tempo na sala inicial: 3
Tempo na pista de dança: 15
Tempo na casa de banho: 3
Tempo no bar: 8
Tempo de pausa entre jogos de bilhar: 3
Tempo na sala VIP: 8
Probabilidade de alguém ficar bêbado (percentagem): 50

--Discoteca Informação das salas na simulação--
Número total de pessoas que estiveram na noite: 8
Pessoas que Entraram na discoteca: 3
Pessoas que ficaram na fila para entrar na discoteca: 1
Pessoas que Desistiram de entrar na discoteca: 0
Pessoas que Entraram na pista de dança: 4
Pessoas que ficaram na fila da pista de dança: 0
Pessoas que Desistiram de entrar na pista de dança: 0
Pessoas que Entraram no bar: 0
Pessoas que ficaram na fila do bar: 0
Pessoas que Desistiram de entrar no bar: 0
Pessoas que Entraram na casa de banho: 3
Pessoas que ficaram na fila da casa de banho: 0
Pessoas que Desistiram de entrar na casa de banho: 0
Pessoas que Entraram na sala de bilhar: 2
Pessoas que ficaram na fila da sala de bilhar: 0
Pessoas que Desistiram de entrar na sala de bilhar: 0
Pessoas que Entraram na sala VIP: 0
Pessoas que ficaram na fila da sala VIP: 0
Pessoas que Desistiram de entrar na sala VIP: 0

--Outros Dados--
Sala mais visitada (sem contar com a sala inicial): Pista de Dança
Número de vezes que essa sala foi visitada: 4
Número de Jogos Ocorridos na sala de bilhar: 1
Número de Pessoas expulsas por estarem bêbadas: 0

-----------------------FIM DA INFORMAÇÃO DA SIMULAÇÃO-----------------------
Tempo de duração da discoteca(segundos): 30

--Discoteca Informação Geral--
Número de Salas na Discoteca: 6
Capacidade máxima sala inicial: 3
Capacidade máxima da pista de dança : 15
Capacidade máxima do bar: 4
Capacidade máxima da casa de banho: 2
Capacidade máxima da sala de bilhar: 2
Capacidade máxima da sala VIP: 2
Tempo na sala inicial: 3
Tempo na pista de dança: 15
Tempo na casa de banho: 3
Tempo no bar: 8
Tempo de pausa entre jogos de bilhar: 3
Tempo na sala VIP: 8
Probabilidade de alguém ficar bêbado (percentagem): 50

--Discoteca Informação das salas na simulação--
Número total de pessoas que estiveram na noite: 8
Pessoas que Entraram na discoteca: 3
Pessoas que ficaram na fila para entrar na discoteca: 1
Pessoas que Desistiram de entrar na discoteca: 0
Pessoas que Entraram na pista de dança: 2
Pessoas que ficaram na fila da pista de dança: 0
Pessoas que Desistiram de entrar na pista de dança: 0
Pessoas que Entraram no bar: 4
Pessoas que ficaram na fila do bar: 0
Pessoas que Desistiram de entrar no bar: 0
Pessoas que Entraram na casa de banho: 2
Pessoas que ficaram na fila da casa de banho: 0
Pessoas que Desistiram de entrar na casa de banho: 0
Pessoas que Entraram na sala de bilhar: 2
Pessoas que ficaram na fila da sala de bilhar: 0
Pessoas que Desistiram de entrar na sala de bilhar: 0
Pessoas que Entraram na sala VIP: 0
Pessoas que ficaram na fila da sala VIP: 0
Pessoas que Desistiram de entrar na sala VIP: 0

--Outros Dados--
Sala mais visitada (sem contar com a sala inicial): Bar
Número de vezes que essa sala foi visitada: 4
Número de Jogos Ocorridos na sala de bilhar: 1
Número de Pessoas expulsas por estarem bêbadas: 1

-----------------------FIM DA INFORMAÇÃO DA SIMULAÇÃO-----------------------
Tempo de duração da discoteca(segundos): 30

--Discoteca Informação Geral--
Número de Salas na Discoteca: 6
Capacidade máxima sala inicial: 3
Capacidade máxima da pista de dança : 15
Capacidade máxima do bar: 4
Capacidade máxima da casa de banho: 2
Capacidade máxima da sala de bilhar: 2
Capacidade máxima da sala VIP: 2
Tempo na sala inicial: 3
Tempo na pista de dança: 15
Tempo na casa de banho: 3
Tempo no bar: 8
Tempo de pausa entre jogos de bilhar: 3
Tempo na sala VIP: 8
Probabilidade de alguém ficar bêbado (percentagem): 50

--Discoteca Informação das salas na simulação--
Número total de pessoas que estiveram na noite: 9
Pessoas que Entraram na discoteca: 3
Pessoas que ficaram na fila para entrar na discoteca: 1
Pessoas que Desistiram de entrar na discoteca: 0
Pessoas que Entraram na pista de dança: 6
Pessoas que ficaram na fila da pista de dança: 0
Pessoas que Desistiram de entrar na pista de dança: 0
Pessoas que Entraram no bar: 3
Pessoas que ficaram na fila do bar: 0
Pessoas que Desistiram de entrar no bar: 0
Pessoas que Entraram na casa de banho: 4
Pessoas que ficaram na fila da casa de banho: 1
Pessoas que Desistiram de entrar na casa de banho: 0
Pessoas que Entraram na sala de bilhar: 2
Pessoas que ficaram na fila da sala de bilhar: 0
Pessoas que Desistiram de entrar na sala de bilhar: 0
Pessoas que Entraram na sala VIP: 1
Pessoas que ficaram na fila da sala VIP: 0
Pessoas que Desistiram de entrar na sala VIP: 0

--Outros Dados--
Sala mais visitada (sem contar com a sala inicial): Pista de Dança
Número de vezes que essa sala foi visitada: 6
Número de Jogos Ocorridos na sala de bilhar: 1
Número de Pessoas expulsas por estarem bêbadas: 2

-----------------------FIM DA INFORMAÇÃO DA SIMULAÇÃO-----------------------
Tempo de duração da discoteca(segundos): 30

--Discoteca Informação Geral--
Número de Salas na Discoteca: 6
Capacidade máxima sala inicial: 3
Capacidade máxima da pista de dança : 15
Capacidade máxima do bar: 4
Capacidade máxima da casa de banho: 2
Capacidade máxima da sala de bilhar: 2
Capacidade máxima da sala VIP: 2
Tempo na sala inicial: 3
Tempo na pista de dança: 15
Tempo na casa de banho: 3
Tempo no bar: 8
Tempo de pausa entre jogos de bilhar: 3
Tempo na sala VIP: 8
Probabilidade de alguém ficar bêbado (percentagem): 50

--Discoteca Informação das salas na simulação--
Número total de pessoas que estiveram na noite: 10
Pessoas que Entraram na discoteca: 3
Pessoas que ficaram na fila para entrar na discoteca: 1
Pessoas que Desistiram de entrar na discoteca: 0
Pessoas que Entraram na pista de dança: 2
Pessoas que ficaram na fila da pista de dança: 0
Pessoas que Desistiram de entrar na pista de dança: 0
Pessoas que Entraram no bar: 2
Pessoas que ficaram na fila do bar: 0
Pessoas que Desistiram de entrar no bar: 0
Pessoas que Entraram na casa de banho: 4
Pessoas que ficaram na fila da casa de banho: 2
Pessoas que Desistiram de entrar na casa de banho: 0
Pessoas que Entraram na sala de bilhar: 1
Pessoas que ficaram na fila da sala de bilhar: 0
Pessoas que Desistiram de entrar na sala de bilhar: 0
Pessoas que Entraram na sala VIP: 0
Pessoas que ficaram na fila da sala VIP: 0
Pessoas que Desistiram de entrar na sala VIP: 0

--Outros Dados--
Sala mais visitada (sem contar com a sala inicial): Casa de Banho
Número de vezes que essa sala foi visitada: 4
Número de Jogos Ocorridos na sala de bilhar: 0
Número de Pessoas expulsas por estarem bêbadas: 0

-----------------------FIM DA INFORMAÇÃO DA SIMULAÇÃO-----------------------
Tempo de duração da discoteca(segundos): 30

--Discoteca Informação Geral--
Número de Salas na Discoteca: 6
Capacidade máxima sala inicial: 3
Capacidade máxima da pista de dança : 15
Capacidade máxima do bar: 4
Capacidade máxima da casa de banho: 2
Capacidade máxima da sala de bilhar: 2
Capacidade máxima da sala VIP: 2
Tempo na sala inicial: 3
Tempo na pista de dança: 15
Tempo na casa de banho: 3
Tempo no bar: 8
Tempo de pausa entre jogos de bilhar: 3
Tempo na sala VIP: 8
Probabilidade de alguém ficar bêbado (percentagem): 50

--Discoteca Informação das salas na simulação--
Número total de pessoas que estiveram na noite: 11
Pessoas que Entraram na discoteca: 3
Pessoas que ficaram na fila para entrar na discoteca: 1
Pessoas que Desistiram de entrar na discoteca: 0
Pessoas que Entraram na pista de dança: 2
Pessoas que ficaram na fila da pista de dança: 0
Pessoas que Desistiram de entrar na pista de dança: 0
Pessoas que Entraram no bar: 4
Pessoas que ficaram na fila do bar: 0
Pessoas que Desistiram de entrar no bar: 0
Pessoas que Entraram na casa de banho: 1
Pessoas que ficaram na fila da casa de banho: 0
Pessoas que Desistiram de entrar na casa de banho: 0
Pessoas que Entraram na sala de bilhar: 2
Pessoas que ficaram na fila da sala de bilhar: 0
Pessoas que Desistiram de entrar na sala de bilhar: 0
Pessoas que Entraram na sala VIP: 0
Pessoas que ficaram na fila da sala VIP: 0
Pessoas que Desistiram de entrar na sala VIP: 0

--Outros Dados--
Sala mais visitada (sem contar com a sala inicial): Bar
Número de vezes que essa sala foi visitada: 4
Número de Jogos Ocorridos na sala de bilhar: 1
Número de Pessoas expulsas por estarem bêbadas: 0

-----------------------FIM DA INFORMAÇÃO DA SIMULAÇÃO-----------------------
Tempo de duração da discoteca(segundos): 30

--Discoteca Informação Geral--
Número de Salas na Discoteca: 6
Capacidade máxima sala inicial: 3
Capacidade máxima da pista de dança : 15
Capacidade máxima do bar: 4
Capacidade máxima da casa de banho: 2
Capacidade máxima da sala de bilhar: 2
Capacidade máxima da sala VIP: 2
Tempo na sala inicial: 3
Tempo na pista de dança: 15
Tempo na casa de banho: 3
Tempo no bar: 8
Tempo de pausa entre jogos de bilhar: 3
Tempo na sala VIP: 8
Probabilidade de alguém ficar bêbado (percentagem): 50

--Discoteca Informação das salas na simulação--
Número total de pessoas que estiveram na noite: 10
Pessoas que Entraram na discoteca: 3
Pessoas que ficaram na fila para entrar na discoteca: 2
Pessoas que Desistiram de entrar na discoteca: 0
Pessoas que Entraram na pista de dança: 1
Pessoas que ficaram na fila da pista de dança: 0
Pessoas que Desistiram de entrar na pista de dança: 0
Pessoas que Entraram no bar: 4
Pessoas que ficaram na fila do bar: 0
Pessoas que Desistiram de entrar no bar: 0
Pessoas que Entraram na casa de banho: 1
Pessoas que ficaram na fila da casa de banho: 0
Pessoas que Desistiram de entrar na casa de banho: 0
Pessoas que Entraram na sala de bilhar: 1
Pessoas que ficaram na fila da sala de bilhar: 0
Pessoas que Desistiram de entrar na sala de bilhar: 0
Pessoas que Entraram na sala VIP: 2
Pessoas que ficaram na fila da sala VIP: 0
Pessoas que Desistiram de entrar na sala VIP: 0

--Outros Dados--
Sala mais visitada (sem contar com a sala inicial): Bar
Número de vezes que essa sala foi visitada: 4
Número de Jogos Ocorridos na sala de bilhar: 0
Número de Pessoas expulsas por estarem bêbadas: 2

-----------------------FIM DA INFORMAÇÃO DA SIMULAÇÃO-----------------------
Tempo de duração da discoteca(segundos): 30

--Discoteca Informação Geral--
Número de Salas na Discoteca: 6
Capacidade máxima sala inicial: 3
Capacidade máxima da pista de dança : 15
Capacidade máxima do bar: 4
Capacidade máxima da casa de banho: 2
Capacidade máxima da sala de bilhar: 2
Capacidade máxima da sala VIP: 2
Tempo na sala inicial: 3
Tempo na pista de dança: 15
Tempo na casa de banho: 3
Tempo no bar: 8
Tempo de pausa entre jogos de bilhar: 3
Tempo na sala VIP: 8
Probabilidade de alguém ficar bêbado (percentagem): 50

--Discoteca Informação das salas na simulação--
Número total de pessoas que estiveram na noite: 11
Pessoas que Entraram na discoteca: 3
Pessoas que ficaram na fila para entrar na discoteca: 2
Pessoas que Desistiram de entrar na discoteca: 0
Pessoas que Entraram na pista de dança: 1
Pessoas que ficaram na fila da pista de dança: 0
Pessoas que Desistiram de entrar na pista de dança: 0
Pessoas que Entraram no bar: 2
Pessoas que ficaram na fila do bar: 0
Pessoas que Desistiram de entrar no bar: 0
Pessoas que Entraram na casa de banho: 2
Pessoas que ficaram na fila da casa de banho: 0
Pessoas que Desistiram de entrar na casa de banho: 0
Pessoas que Entraram na sala de bilhar: 2
Pessoas que ficaram na fila da sala de bilhar: 0
Pessoas que Desistiram de entrar na sala de bilhar: 0
Pessoas que Entraram na sala VIP: 0
Pessoas que ficaram na fila da sala VIP: 0
Pessoas que Desistiram de entrar na sala VIP: 0

--Outros Dados--
Sala mais visitada (sem contar com a sala inicial): Bar
Número de vezes que essa sala foi visitada: 2
Número de Jogos Ocorridos na sala de bilhar: 1
Número de Pessoas expulsas por estarem bêbadas: 1

-----------------------FIM DA INFORMAÇÃO DA SIMULAÇÃO-----------------------
Tempo de duração da discoteca(segundos): 30

--Discoteca Informação Geral--
Número de Salas na Discoteca: 6
Capacidade máxima sala inicial: 3
Capacidade máxima da pista de dança : 15
Capacidade máxima do bar: 4
Capacidade máxima da casa de banho: 2
Capacidade máxima da sala de bilhar: 2
Capacidade máxima da sala VIP: 2
Tempo na sala inicial: 3
Tempo na pista de dança: 15
Tempo na casa de banho: 3
Tempo no bar: 8
Tempo de pausa entre jogos de bilhar: 3
Tempo na sala VIP: 8
Probabilidade de alguém ficar bêbado (percentagem): 50

--Discoteca Informação das salas na simulação--
Número total de pessoas que estiveram na noite: 12
Pessoas que Entraram na discoteca: 3
Pessoas que ficaram na fila para entrar na discoteca: 1
Pessoas que Desistiram de entrar na discoteca: 0
Pessoas que Entraram na pista de dança: 2
Pessoas que ficaram na fila da pista de dança: 0
Pessoas que Desistiram de entrar na pista de dança: 0
Pessoas que Entraram no bar: 4
Pessoas que ficaram na fila do bar: 0
Pessoas que Desistiram de entrar no bar: 0
Pessoas que Entraram na casa de banho: 1
Pessoas que ficaram na fila da casa de banho: 0
Pessoas que Desistiram de entrar na casa de banho: 0
Pessoas que Entraram na sala de bilhar: 2
Pessoas que ficaram na fila da sala de bilhar: 0
Pessoas que Desistiram de entrar na sala de bilhar: 0
Pessoas que Entraram na sala VIP: 0
Pessoas que ficaram na fila da sala VIP: 0
Pessoas que Desistiram de entrar na sala VIP: 0

--Outros Dados--
Sala mais visitada (sem contar com a sala inicial): Bar
Número de vezes que essa sala foi visitada: 4
Número de Jogos Ocorridos na sala de bilhar: 1
Número de Pessoas expulsas por estarem bêbadas: 2

-----------------------FIM DA INFORMAÇÃO DA SIMULAÇÃO-----------------------
Tempo de duração da discoteca(segundos): 30

--Discoteca Informação Geral--
Número de Salas na Discoteca: 6
Capacidade máxima sala inicial: 3
Capacidade máxima da pista de dança : 15
Capacidade máxima do bar: 4
Capacidade máxima da casa de banho: 2
Capacidade máxima da sala de bilhar: 2
Capacidade máxima da sala VIP: 2
Tempo na sala inicial: 3
Tempo na pista de dança: 15
Tempo na casa de banho: 3
Tempo no bar: 8
Tempo de pausa entre jogos de bilhar: 3
Tempo na sala VIP: 8
Probabilidade de alguém ficar bêbado (percentagem): 50

--Discoteca Informação das salas na simulação--
Número total de pessoas que estiveram na noite: 8
Pessoas que Entraram na discoteca: 3
Pessoas que ficaram na fila para entrar na discoteca: 1
Pessoas que Desistiram de entrar na discoteca: 0
Pessoas que Entraram na pista de dança: 2
Pessoas que ficaram na fila da pista de dança: 0
Pessoas que Desistiram de entrar na pista de dança: 0
Pessoas que Entraram no bar: 4
Pessoas que ficaram na fila do bar: 0
Pessoas que Desistiram de entrar no bar: 0
Pessoas que Entraram na casa de banho: 2
Pessoas que ficaram na fila da casa de banho: 0
Pessoas que Desistiram de entrar na casa de banho: 0
Pessoas que Entraram na sala de bilhar: 1
Pessoas que ficaram na fila da sala de bilhar: 0
Pessoas que Desistiram de entrar na sala de bilhar: 0
Pessoas que Entraram na sala VIP: 1
Pessoas que ficaram na fila da sala VIP: 0
Pessoas que Desistiram de entrar na sala VIP: 0

--Outros Dados--
Sala mais visitada (sem contar com a sala inicial): Bar
Número de vezes que essa sala foi visitada: 4
Número de Jogos Ocorridos na sala de bilhar: 0
Número de Pessoas expulsas por estarem bêbadas: 2

-----------------------FIM DA INFORMAÇÃO DA SIMULAÇÃO-----------------------
Tempo de duração da discoteca(segundos): 30

--Discoteca Informação Geral--
Número de Salas na Discoteca: 6
Capacidade máxima sala inicial: 3
Capacidade máxima da pista de dança : 15
Capacidade máxima do bar: 4
Capacidade máxima da casa de banho: 2
Capacidade máxima da sala de bilhar: 2
Capacidade máxima da sala VIP: 2
Tempo na sala inicial: 3
Tempo na pista de dança: 15
Tempo na casa de banho: 3
Tempo no bar: 8
Tempo de pausa entre jogos de bilhar: 3
Tempo na sala VIP: 8
Probabilidade de alguém ficar bêbado (percentagem): 50

--Discoteca Informação das salas na simulação--
Número total de pessoas que estiveram na noite: 10
Pessoas que Entraram na discoteca: 3
Pessoas que ficaram na fila para entrar na discoteca: 3
Pessoas que Desistiram de entrar na discoteca: 0
Pessoas que Entraram na pista de dança: 1
Pessoas que ficaram na fila da pista de dança: 0
Pessoas que Desistiram de entrar na pista de dança: 0
Pessoas que Entraram no bar: 2
Pessoas que ficaram na fila do bar: 0
Pessoas que Desistiram de entrar no bar: 0
Pessoas que Entraram na casa de banho: 4
Pessoas que ficaram na fila da casa de banho: 0
Pessoas que Desistiram de entrar na casa de banho: 0
Pessoas que Entraram na sala de bilhar: 2
Pessoas que ficaram na fila da sala de bilhar: 0
Pessoas que Desistiram de entrar na sala de bilhar: 0
Pessoas que Entraram na sala VIP: 0
Pessoas que ficaram na fila da sala VIP: 0
Pessoas que Desistiram de entrar na sala VIP: 0

--Outros Dados--
Sala mais visitada (sem contar com a sala inicial): Casa de Banho
Número de vezes que essa sala foi visitada: 4
Número de Jogos Ocorridos na sala de bilhar: 1
Número de Pessoas expulsas por estarem bêbadas: 1

-----------------------FIM DA INFORMAÇÃO DA SIMULAÇÃO-----------------------
Tempo de duração da discoteca(segundos): 30

--Discoteca Informação Geral--
Número de Salas na Discoteca: 6
Capacidade máxima sala inicial: 3
Capacidade máxima da pista de dança : 15
Capacidade máxima do bar: 4
Capacidade máxima da casa de banho: 2
Capacidade máxima da sala de bilhar: 2
Capacidade máxima da sala VIP: 2
Tempo na sala inicial: 3
Tempo na pista de dança: 15
Tempo na casa de banho: 3
Tempo no bar: 8
Tempo de pausa entre jogos de bilhar: 3
Tempo na sala VIP: 8
Probabilidade de alguém ficar bêbado (percentagem): 50

--Discoteca Informação das salas na simulação--
Número total de pessoas que estiveram na noite: 12
Pessoas que Entraram na discoteca: 3
Pessoas que ficaram na fila para entrar na discoteca: 2
Pessoas que Desistiram de entrar na discoteca: 0
Pessoas que Entraram na pista de dança: 2
Pessoas que ficaram na fila da pista de dança: 0
Pessoas que Desistiram de entrar na pista de dança: 0
Pessoas que Entraram no bar: 3
Pessoas que ficaram na fila do bar: 0
Pessoas que Desistiram de entrar no bar: 0
Pessoas que Entraram na casa de banho: 4
Pessoas que ficaram na fila da casa de banho: 1
Pessoas que Desistiram de entrar na casa de banho: 0
Pessoas que Entraram na sala de bilhar: 1
Pessoas que ficaram na fila da sala de bilhar: 0
Pessoas que Desistiram de entrar na sala de bilhar: 0
Pessoas que Entraram na sala VIP: 0
Pessoas que ficaram na fila da sala VIP: 0
Pessoas que Desistiram de entrar na sala VIP: 0

--Outros Dados--
Sala mais visitada (sem contar com a sala inicial): Casa de Banho
Número de vezes que essa sala foi visitada: 4
Número de Jogos Ocorridos na sala de bilhar: 0
Número de Pessoas expulsas por estarem bêbadas: 3

-----------------------FIM DA INFORMAÇÃO DA SIMULAÇÃO-----------------------
Tempo de duração da discoteca(segundos): 30

--Discoteca Informação Geral--
Número de Salas na Discoteca: 6
Capacidade máxima sala inicial: 3
Capacidade máxima da pista de dança : 15
Capacidade máxima do bar: 4
Capacidade máxima da casa de banho: 2
Capacidade máxima da sala de bilhar: 2
Capacidade máxima da sala VIP: 2
Tempo na sala inicial: 3
Tempo na pista de dança: 15
Tempo na casa de banho: 3
Tempo no bar: 8
Tempo de pausa entre jogos de bilhar: 3
Tempo na sala VIP: 8
Probabilidade de alguém ficar bêbado (percentagem): 50

--Discoteca Informação das salas na simulação--
Número total de pessoas que estiveram na noite: 11
Pessoas que Entraram na discoteca: 3
Pessoas que ficaram na fila para entrar na discoteca: 1
Pessoas que Desistiram de entrar na discoteca: 0
Pessoas que Entraram na pista de dança: 3
Pessoas que ficaram na fila da pista de dança: 0
Pessoas que Desistiram de entrar na pista de dança: 0
Pessoas que Entraram no bar: 4
Pessoas que ficaram na fila do bar: 0
Pessoas que Desistiram de entrar no bar: 0
Pessoas que Entraram na casa de banho: 1
Pessoas que ficaram na fila da casa de banho: 0
Pessoas que Desistiram de entrar na casa de banho: 0
Pessoas que Entraram na sala de bilhar: 2
Pessoas que ficaram na fila da sala de bilhar: 0
Pessoas que Desistiram de entrar na sala de bilhar: 0
Pessoas que Entraram na sala VIP: 1
Pessoas que ficaram na fila da sala VIP: 0
Pessoas que Desistiram de entrar na sala VIP: 0

--Outros Dados--
Sala mais visitada (sem contar com a sala inicial): Bar
Número de vezes que essa sala foi visitada: 4
Número de Jogos Ocorridos na sala de bilhar: 1
Número de Pessoas expulsas por estarem bêbadas: 1

-----------------------FIM DA INFORMAÇÃO DA SIMULAÇÃO-----------------------
Tempo de duração da discoteca(segundos): 30

--Discoteca Informação Geral--
Número de Salas na Discoteca: 6
Capacidade máxima sala inicial: 3
Capacidade máxima da pista de dança : 15
Capacidade máxima do bar: 4
Capacidade máxima da casa de banho: 2
Capacidade máxima da sala de bilhar: 2
Capacidade máxima da sala VIP: 2
Tempo na sala inicial: 3
Tempo na pista de dança: 15
Tempo na casa de banho: 3
Tempo no bar: 8
Tempo de pausa entre jogos de bilhar: 3
Tempo na sala VIP: 8
Probabilidade de alguém ficar bêbado (percentagem): 50

--Discoteca Informação das salas na simulação--
Número total de pessoas que estiveram na noite: 13
Pessoas que Entraram na discoteca: 3
Pessoas que ficaram na fila para entrar na discoteca: 4
Pessoas que Desistiram de entrar na discoteca: 0
Pessoas que Entraram na pista de dança: 3
Pessoas que ficaram na fila da pista de dança: 0
Pessoas que Desistiram de entrar na pista de dança: 0
Pessoas que Entraram no bar: 1
Pessoas que ficaram na fila do bar: 0
Pessoas que Desistiram de entrar no bar: 0
Pessoas que Entraram na casa de banho: 2
Pessoas que ficaram na fila da casa de banho: 0
Pessoas que Desistiram de entrar na casa de banho: 0
Pessoas que Entraram na sala de bilhar: 2
Pessoas que ficaram na fila da sala de bilhar: 0
Pessoas que Desistiram de entrar na sala de bilhar: 0
Pessoas que Entraram na sala VIP: 0
Pessoas que ficaram na fila da sala VIP: 0
Pessoas que Desistiram de entrar na sala VIP: 0

--Outros Dados--
Sala mais visitada (sem contar com a sala inicial): Pista de Dança
Número de vezes que essa sala foi visitada: 3
Número de Jogos Ocorridos na sala de bilhar: 1
Número de Pessoas expulsas por estarem bêbadas: 1

-----------------------FIM DA INFORMAÇÃO DA SIMULAÇÃO-----------------------
Tempo de duração da discoteca(segundos): 30

--Discoteca Informação Geral--
Número de Salas na Discoteca: 6
Capacidade máxima sala inicial: 3
Capacidade máxima da pista de dança : 15
Capacidade máxima do bar: 4
Capacidade máxima da casa de banho: 2
Capacidade máxima da sala de bilhar: 2
Capacidade máxima da sala VIP: 2
Tempo na sala inicial: 3
Tempo na pista de dança: 15
Tempo na casa de banho: 3
Tempo no bar: 8
Tempo de pausa entre jogos de bilhar: 3
Tempo na sala VIP: 8
Probabilidade de alguém ficar bêbado (percentagem): 50

--Discoteca Informação das salas na simulação--
Número total de pessoas que estiveram na noite: 9
Pessoas que Entraram na discoteca: 3
Pessoas que ficaram na fila para entrar na discoteca: 1
Pessoas que Desistiram de entrar na discoteca: 0
Pessoas que Entraram na pista de dança: 4
Pessoas que ficaram na fila da pista de dança: 0
Pessoas que Desistiram de entrar na pista de dança: 0
Pessoas que Entraram no bar: 2
Pessoas que ficaram na fila do bar: 0
Pessoas que Desistiram de entrar no bar: 0
Pessoas que Entraram na casa de banho: 5
Pessoas que ficaram na fila da casa de banho: 0
Pessoas que Desistiram de entrar na casa de banho: 0
Pessoas que Entraram na sala de bilhar: 2
Pessoas que ficaram na fila da sala de bilhar: 0
Pessoas que Desistiram de entrar na sala de bilhar: 0
Pessoas que Entraram na sala VIP: 0
Pessoas que ficaram na fila da sala VIP: 0
Pessoas que Desistiram de entrar na sala VIP: 0

--Outros Dados--
Sala mais visitada (sem contar com a sala inicial): Casa de Banho
Número de vezes que essa sala foi visitada: 5
Número de Jogos Ocorridos na sala de bilhar: 1
Número de Pessoas expulsas por estarem bêbadas: 0

-----------------------FIM DA INFORMAÇÃO DA SIMULAÇÃO-----------------------
Tempo de duração da discoteca(segundos): 30

--Discoteca Informação Geral--
Número de Salas na Discoteca: 6
Capacidade máxima sala inicial: 3
Capacidade máxima da pista de dança : 15
Capacidade máxima do bar: 4
Capacidade máxima da casa de banho: 2
Capacidade máxima da sala de bilhar: 2
Capacidade máxima da sala VIP: 2
Tempo na sala inicial: 3
Tempo na pista de dança: 15
Tempo na casa de banho: 3
Tempo no bar: 8
Tempo de pausa entre jogos de bilhar: 3
Tempo na sala VIP: 8
Probabilidade de alguém ficar bêbado (percentagem): 50

--Discoteca Informação das salas na simulação--
Número total de pessoas que estiveram na noite: 8
Pessoas que Entraram na discoteca: 3
Pessoas que ficaram na fila para entrar na discoteca: 1
Pessoas que Desistiram de entrar na discoteca: 0
Pessoas que Entraram na pista de dança: 2
Pessoas que ficaram na fila da pista de dança: 0
Pessoas que Desistiram de entrar na pista de dança: 0
Pessoas que Entraram no bar: 2
Pessoas que ficaram na fila do bar: 0
Pessoas que Desistiram de entrar no bar: 0
Pessoas que Entraram na casa de banho: 3
Pessoas que ficaram na fila da casa de banho: 0
Pessoas que Desistiram de entrar na casa de banho: 0
Pessoas que Entraram na sala de bilhar: 2
Pessoas que ficaram na fila da sala de bilhar: 0
Pessoas que Desistiram de entrar na sala de bilhar: 0
Pessoas que Entraram na sala VIP: 1
Pessoas que ficaram na fila da sala VIP: 0
Pessoas que Desistiram de entrar na sala VIP: 0

--Outros Dados--
Sala mais visitada (sem contar com a sala inicial): Casa de Banho
Número de vezes que essa sala foi visitada: 3
Número de Jogos Ocorridos na sala de bilhar: 1
Número de Pessoas expulsas por estarem bêbadas: 0

-----------------------FIM DA INFORMAÇÃO DA SIMULAÇÃO-----------------------
Tempo de duração da discoteca(segundos): 30

--Discoteca Informação Geral--
Número de Salas na Discoteca: 6
Capacidade máxima sala inicial: 3
Capacidade máxima da pista de dança: 15
Capacidade máxima do bar: 4
Capacidade máxima da casa de banho: 2
Capacidade máxima da sala de bilhar: 2
Capacidade máxima da sala VIP: 2
Tempo na sala inicial: 3
Tempo na pista de dança: 15
Tempo na casa de banho: 3
Tempo no bar: 8
Tempo de pausa entre jogos de bilhar: 3
Tempo na sala VIP: 8
Probabilidade de alguém ficar bêbado (percentagem): 50

--Discoteca Informação das salas na simulação--
Número total de pessoas que estiveram na noite: 23
Pessoas que Entraram na discoteca: 3
Pessoas que ficaram na fila para entrar na discoteca: 0
Pessoas que Desistiram de entrar na discoteca: 0
Pessoas que Entraram na pista de dança: 7
Pessoas que ficaram na fila da pista de dança: 0
Pessoas que Desistiram de entrar na pista de dança: 0
Pessoas que Entraram no bar: 10
Pessoas que ficaram na fila do bar: 0
Pessoas que Desistiram de entrar no bar: 0
Pessoas que Entraram na casa de banho: 8
Pessoas que ficaram na fila da casa de banho: 2
Pessoas que Desistiram de entrar na casa de banho: 0
Pessoas que Entraram na sala de bilhar: 2
Pessoas que ficaram na fila da sala de bilhar: 0
Pessoas que Desistiram de entrar na sala de bilhar: 0
Pessoas que Entraram na sala VIP: 1
Pessoas que ficaram na fila da sala VIP: 0
Pessoas que Desistiram de entrar na sala VIP: 0

--Outros Dados--
Sala mais visitada (sem contar com a sala inicial): Bar
Número de vezes que essa sala foi visitada: 10
Número de Jogos Ocorridos na sala de bilhar: 1
Número de Pessoas expulsas por estarem bêbadas: 4

-----------------------FIM DA INFORMAÇÃO DA SIMULAÇÃO-----------------------
Tempo de duração da discoteca(segundos): 30

--Discoteca Informação Geral--
Número de Salas na Discoteca: 6
Capacidade máxima sala inicial: 3
Capacidade máxima da pista de dança: 15
Capacidade máxima do bar: 4
Capacidade máxima da casa de banho: 2
Capacidade máxima da sala de bilhar: 2
Capacidade máxima da sala VIP: 2
Tempo na sala inicial: 3
Tempo na pista de dança: 15
Tempo na casa de banho: 3
Tempo no bar: 8
Tempo de pausa entre jogos de bilhar: 3
Tempo na sala VIP: 8
Probabilidade de alguém ficar bêbado (percentagem): 50

--Discoteca Informação das salas na simulação--
Número total de pessoas que estiveram na noite: 9
Pessoas que Entraram na discoteca: 3
Pessoas que ficaram na fila para entrar na discoteca: 0
Pessoas que Desistiram de entrar na discoteca: 0
Pessoas que Entraram na pista de dança: 2
Pessoas que ficaram na fila da pista de dança: 0
Pessoas que Desistiram de entrar na pista de dança: 0
Pessoas que Entraram no bar: 2
Pessoas que ficaram na fila do bar: 0
Pessoas que Desistiram de entrar no bar: 0
Pessoas que Entraram na casa de banho: 2
Pessoas que ficaram na fila da casa de banho: 0
Pessoas que Desistiram de entrar na casa de banho: 0
Pessoas que Entraram na sala de bilhar: 2
Pessoas que ficaram na fila da sala de bilhar: 0
Pessoas que Desistiram de entrar na sala de bilhar: 0
Pessoas que Entraram na sala VIP: 0
Pessoas que ficaram na fila da sala VIP: 0
Pessoas que Desistiram de entrar na sala VIP: 0

--Outros Dados--
Sala mais visitada (sem contar com a sala inicial): Bar
Número de vezes que essa sala foi visitada: 2
Número de Jogos Ocorridos na sala de bilhar: 1
Número de Pessoas expulsas por estarem bêbadas: 1

-----------------------FIM DA INFORMAÇÃO DA SIMULAÇÃO-----------------------
Tempo de duração da discoteca(segundos): 30

--Discoteca Informação Geral--
Número de Salas na Discoteca: 6
Capacidade máxima sala inicial: 3
Capacidade máxima da pista de dança: 15
Capacidade máxima do bar: 4
Capacidade máxima da casa de banho: 2
Capacidade máxima da sala de bilhar: 2
Capacidade máxima da sala VIP: 2
Tempo na sala inicial: 3
Tempo na pista de dança: 15
Tempo na casa de banho: 3
Tempo no bar: 8
Tempo de pausa entre jogos de bilhar: 3
Tempo na sala VIP: 8
Probabilidade de alguém ficar bêbado (percentagem): 50

--Discoteca Informação das salas na simulação--
Número total de pessoas que estiveram na noite: 11
Pessoas que Entraram na discoteca: 3
Pessoas que ficaram na fila para entrar na discoteca: 1
Pessoas que Desistiram de entrar na discoteca: 0
Pessoas que Entraram na pista de dança: 2
Pessoas que ficaram na fila da pista de dança: 0
Pessoas que Desistiram de entrar na pista de dança: 0
Pessoas que Entraram no bar: 2
Pessoas que ficaram na fila do bar: 0
Pessoas que Desistiram de entrar no bar: 0
Pessoas que Entraram na casa de banho: 0
Pessoas que ficaram na fila da casa de banho: 0
Pessoas que Desistiram de entrar na casa de banho: 0
Pessoas que Entraram na sala de bilhar: 2
Pessoas que ficaram na fila da sala de bilhar: 0
Pessoas que Desistiram de entrar na sala de bilhar: 0
Pessoas que Entraram na sala VIP: 0
Pessoas que ficaram na fila da sala VIP: 0
Pessoas que Desistiram de entrar na sala VIP: 0

--Outros Dados--
Sala mais visitada (sem contar com a sala inicial): Bar
Número de vezes que essa sala foi visitada: 2
Número de Jogos Ocorridos na sala de bilhar: 1
Número de Pessoas expulsas por estarem bêbadas: 1

-----------------------FIM DA INFORMAÇÃO DA SIMULAÇÃO-----------------------
Tempo de duração da discoteca(segundos): 30

--Discoteca Informação Geral--
Número de Salas na Discoteca: 6
Capacidade máxima sala inicial: 3
Capacidade máxima da pista de dança: 15
Capacidade máxima do bar: 4
Capacidade máxima da casa de banho: 2
Capacidade máxima da sala de bilhar: 2
Capacidade máxima da sala VIP: 2
Tempo na sala inicial: 3
Tempo na pista de dança: 15
Tempo na casa de banho: 3
Tempo no bar: 8
Tempo de pausa entre jogos de bilhar: 3
Tempo na sala VIP: 8
Probabilidade de alguém ficar bêbado (percentagem): 50

--Discoteca Informação das salas na simulação--
Número total de pessoas que estiveram na noite: 9
Pessoas que Entraram na discoteca: 3
Pessoas que ficaram na fila para entrar na discoteca: 0
Pessoas que Desistiram de entrar na discoteca: 0
Pessoas que Entraram na pista de dança: 2
Pessoas que ficaram na fila da pista de dança: 0
Pessoas que Desistiram de entrar na pista de dança: 0
Pessoas que Entraram no bar: 3
Pessoas que ficaram na fila do bar: 0
Pessoas que Desistiram de entrar no bar: 0
Pessoas que Entraram na casa de banho: 0
Pessoas que ficaram na fila da casa de banho: 0
Pessoas que Desistiram de entrar na casa de banho: 0
Pessoas que Entraram na sala de bilhar: 2
Pessoas que ficaram na fila da sala de bilhar: 0
Pessoas que Desistiram de entrar na sala de bilhar: 0
Pessoas que Entraram na sala VIP: 0
Pessoas que ficaram na fila da sala VIP: 0
Pessoas que Desistiram de entrar na sala VIP: 0

--Outros Dados--
Sala mais visitada (sem contar com a sala inicial): Bar
Número de vezes que essa sala foi visitada: 3
Número de Jogos Ocorridos na sala de bilhar: 1
Número de Pessoas expulsas por estarem bêbadas: 1

-----------------------FIM DA INFORMAÇÃO DA SIMULAÇÃO-----------------------
Tempo de duração da discoteca(segundos): 30

--Discoteca Informação Geral--
Número de Salas na Discoteca: 6
Capacidade máxima sala inicial: 3
Capacidade máxima da pista de dança: 15
Capacidade máxima do bar: 4
Capacidade máxima da casa de banho: 2
Capacidade máxima da sala de bilhar: 2
Capacidade máxima da sala VIP: 2
Tempo na sala inicial: 3
Tempo na pista de dança: 15
Tempo na casa de banho: 3
Tempo no bar: 8
Tempo de pausa entre jogos de bilhar: 3
Tempo na sala VIP: 8
Probabilidade de alguém ficar bêbado (percentagem): 50

--Discoteca Informação das salas na simulação--
Número total de pessoas que estiveram na noite: 9
Pessoas que Entraram na discoteca: 3
Pessoas que ficaram na fila para entrar na discoteca: 0
Pessoas que Desistiram de entrar na discoteca: 0
Pessoas que Entraram na pista de dança: 1
Pessoas que ficaram na fila da pista de dança: 0
Pessoas que Desistiram de entrar na pista de dança: 0
Pessoas que Entraram no bar: 3
Pessoas que ficaram na fila do bar: 0
Pessoas que Desistiram de entrar no bar: 0
Pessoas que Entraram na casa de banho: 0
Pessoas que ficaram na fila da casa de banho: 0
Pessoas que Desistiram de entrar na casa de banho: 0
Pessoas que Entraram na sala de bilhar: 2
Pessoas que ficaram na fila da sala de bilhar: 0
Pessoas que Desistiram de entrar na sala de bilhar: 0
Pessoas que Entraram na sala VIP: 0
Pessoas que ficaram na fila da sala VIP: 0
Pessoas que Desistiram de entrar na sala VIP: 0

--Outros Dados--
Sala mais visitada (sem contar com a sala inicial): Bar
Número de vezes que essa sala foi visitada: 3
Número de Jogos Ocorridos na sala de bilhar: 1
Número de Pessoas expulsas por estarem bêbadas: 3

-----------------------FIM DA INFORMAÇÃO DA SIMULAÇÃO-----------------------
